<?xml version="1.0" encoding="UTF-8"?>
<!-- Generated by org.testng.reporters.JUnitXMLReporter -->
<testsuite ignored="0" hostname="EC2AMAZ-S11DBRH" failures="0" tests="3" name="Default test" time="16.184" errors="0" timestamp="2024-04-30T06:41:19 GMT">
  <testcase classname="testScripts.DataProviderJSONTest" name="validLoginTest" time="3.612"/>
  <testcase classname="testScripts.DataProviderJSONTest" name="validLoginTest" time="3.467"/>
  <testcase classname="testScripts.DataProviderJSONTest" name="validLoginTest" time="3.67"/>
</testsuite> <!-- Default test -->
