<?xml version="1.0" encoding="UTF-8"?>
<!-- Generated by org.testng.reporters.JUnitXMLReporter -->
<testsuite ignored="0" hostname="EC2AMAZ-S11DBRH" failures="0" tests="4" name="Default test" time="14.34" errors="0" timestamp="2024-05-02T06:13:35 GMT">
  <testcase classname="testScripts.CDPTest" name="basicAuthTest" time="1.971"/>
  <testcase classname="testScripts.CDPTest" name="captureConsoleLogTest" time="1.924"/>
  <testcase classname="testScripts.CDPTest" name="deviceModeTest" time="0.601"/>
  <testcase classname="testScripts.CDPTest" name="geoLocationTest" time="3.255"/>
</testsuite> <!-- Default test -->
