<?xml version="1.0" encoding="UTF-8"?>
<!-- Generated by org.testng.reporters.JUnitXMLReporter -->
<testsuite ignored="0" hostname="EC2AMAZ-S11DBRH" failures="0" tests="4" name="Test1" time="0.015" errors="0" timestamp="2024-04-26T07:25:52 GMT">
  <testcase classname="parallelScripts.SampleThreeTest" name="testFour" time="0.001"/>
  <testcase classname="parallelScripts.SampleThreeTest" name="testOne" time="0.001"/>
  <testcase classname="parallelScripts.SampleThreeTest" name="testThree" time="0.001"/>
  <testcase classname="parallelScripts.SampleThreeTest" name="testTwo" time="0.002"/>
</testsuite> <!-- Test1 -->
