<?xml version="1.0" encoding="UTF-8"?>
<!-- Generated by org.testng.reporters.JUnitXMLReporter -->
<testsuite ignored="1" hostname="EC2AMAZ-S11DBRH" failures="1" tests="1" name="Test(failed)" time="6.13" errors="0" timestamp="2024-04-26T04:50:44 GMT">
  <testcase classname="testScripts.GooglePgeTestwithAnnotations" name="javasearchTest" time="3.738">
    <failure type="java.lang.AssertionError" message="expected [Pranitha Avula - Google Search] but found []">
      <![CDATA[java.lang.AssertionError: expected [Pranitha Avula - Google Search] but found []
at testScripts.GooglePgeTestwithAnnotations.javasearchTest(GooglePgeTestwithAnnotations.java:30)
at java.base/java.util.ArrayList.forEach(ArrayList.java:1511)
... Removed 33 stack frames]]>
    </failure>
  </testcase> <!-- javasearchTest -->
  <testcase classname="testScripts.GooglePgeTestwithAnnotations" name="seleniumSearchTest" time="0.0">
    <ignored/>
  </testcase> <!-- seleniumSearchTest -->
</testsuite> <!-- Test(failed) -->
